[ 2017-08-16T20:24:37+08:00 ] 127.0.0.1 /admin/goods/l
INFO: [ app_init ] --START--
INFO: Run Behavior\BuildLiteBehavior [ RunTime:0.000074s ]
INFO: [ app_init ] --END-- [ RunTime:0.002462s ]
INFO: [ app_begin ] --START--
INFO: Run Behavior\ReadHtmlCacheBehavior [ RunTime:0.001760s ]
INFO: [ app_begin ] --END-- [ RunTime:0.002193s ]
INFO: [ view_parse ] --START--
INFO: [ template_filter ] --START--
INFO: Run Behavior\ContentReplaceBehavior [ RunTime:0.000204s ]
INFO: [ template_filter ] --END-- [ RunTime:0.000700s ]
INFO: Run Behavior\ParseTemplateBehavior [ RunTime:0.031647s ]
INFO: [ view_parse ] --END-- [ RunTime:0.032079s ]
INFO: [ view_filter ] --START--
INFO: Run Behavior\WriteHtmlCacheBehavior [ RunTime:0.001178s ]
INFO: [ view_filter ] --END-- [ RunTime:0.001563s ]

[ 2017-08-16T20:24:37+08:00 ] 127.0.0.1 /admin/goods/lst
INFO: [ app_init ] --START--
INFO: Run Behavior\BuildLiteBehavior [ RunTime:0.000076s ]
INFO: [ app_init ] --END-- [ RunTime:0.001516s ]
INFO: [ app_begin ] --START--
INFO: Run Behavior\ReadHtmlCacheBehavior [ RunTime:0.001582s ]
INFO: [ app_begin ] --END-- [ RunTime:0.001992s ]
INFO: [ view_parse ] --START--
INFO: [ template_filter ] --START--
INFO: Run Behavior\ContentReplaceBehavior [ RunTime:0.000191s ]
INFO: [ template_filter ] --END-- [ RunTime:0.000619s ]
INFO: Run Behavior\ParseTemplateBehavior [ RunTime:0.046165s ]
INFO: [ view_parse ] --END-- [ RunTime:0.046611s ]
INFO: [ view_filter ] --START--
INFO: Run Behavior\WriteHtmlCacheBehavior [ RunTime:0.001037s ]
INFO: [ view_filter ] --END-- [ RunTime:0.001412s ]

[ 2017-08-16T20:24:37+08:00 ] 127.0.0.1 /index.php/gii
INFO: [ app_init ] --START--
INFO: Run Behavior\BuildLiteBehavior [ RunTime:0.000076s ]
INFO: [ app_init ] --END-- [ RunTime:0.001313s ]
INFO: [ app_begin ] --START--
INFO: Run Behavior\ReadHtmlCacheBehavior [ RunTime:0.001860s ]
INFO: [ app_begin ] --END-- [ RunTime:0.002294s ]
INFO: [ view_parse ] --START--
INFO: [ template_filter ] --START--
INFO: Run Behavior\ContentReplaceBehavior [ RunTime:0.004674s ]
INFO: [ template_filter ] --END-- [ RunTime:0.005080s ]
INFO: Run Behavior\ParseTemplateBehavior [ RunTime:0.022124s ]
INFO: [ view_parse ] --END-- [ RunTime:0.022571s ]
INFO: [ view_filter ] --START--
INFO: Run Behavior\WriteHtmlCacheBehavior [ RunTime:0.002740s ]
INFO: [ view_filter ] --END-- [ RunTime:0.003185s ]
INFO: [ app_end ] --START--
INFO: Run Behavior\ShowPageTraceBehavior [ RunTime:0.001837s ]
INFO: [ app_end ] --END-- [ RunTime:0.002287s ]

[ 2017-08-16T20:24:37+08:00 ] 127.0.0.1 /
INFO: [ app_init ] --START--
INFO: Run Behavior\BuildLiteBehavior [ RunTime:0.000082s ]
INFO: [ app_init ] --END-- [ RunTime:0.001275s ]
INFO: [ app_begin ] --START--
INFO: Run Behavior\ReadHtmlCacheBehavior [ RunTime:0.001817s ]
INFO: [ app_begin ] --END-- [ RunTime:0.002267s ]
INFO: [ view_parse ] --START--
INFO: Run Behavior\ParseTemplateBehavior [ RunTime:0.002116s ]
INFO: [ view_parse ] --END-- [ RunTime:0.002604s ]
INFO: [ view_filter ] --START--
INFO: Run Behavior\WriteHtmlCacheBehavior [ RunTime:0.000953s ]
INFO: [ view_filter ] --END-- [ RunTime:0.001497s ]
INFO: [ app_end ] --START--
INFO: Run Behavior\ShowPageTraceBehavior [ RunTime:0.002051s ]
INFO: [ app_end ] --END-- [ RunTime:0.002490s ]

[ 2017-08-16T20:24:37+08:00 ] 127.0.0.1 /index.php/admin/login/login
INFO: [ app_init ] --START--
INFO: Run Behavior\BuildLiteBehavior [ RunTime:0.000084s ]
INFO: [ app_init ] --END-- [ RunTime:0.001224s ]
INFO: [ app_begin ] --START--
INFO: Run Behavior\ReadHtmlCacheBehavior [ RunTime:0.001251s ]
INFO: [ app_begin ] --END-- [ RunTime:0.001670s ]
INFO: [ view_parse ] --START--
INFO: [ template_filter ] --START--
INFO: Run Behavior\ContentReplaceBehavior [ RunTime:0.000375s ]
INFO: [ template_filter ] --END-- [ RunTime:0.000931s ]
INFO: Run Behavior\ParseTemplateBehavior [ RunTime:0.019781s ]
INFO: [ view_parse ] --END-- [ RunTime:0.020203s ]
INFO: [ view_filter ] --START--
INFO: Run Behavior\WriteHtmlCacheBehavior [ RunTime:0.000887s ]
INFO: [ view_filter ] --END-- [ RunTime:0.001283s ]
INFO: [ app_end ] --START--
INFO: Run Behavior\ShowPageTraceBehavior [ RunTime:0.001460s ]
INFO: [ app_end ] --END-- [ RunTime:0.001849s ]

[ 2017-08-16T20:24:37+08:00 ] 127.0.0.1 /index/
INFO: [ app_init ] --START--
INFO: Run Behavior\BuildLiteBehavior [ RunTime:0.000084s ]
INFO: [ app_init ] --END-- [ RunTime:0.001386s ]
INFO: [ app_begin ] --START--
INFO: Run Behavior\ReadHtmlCacheBehavior [ RunTime:0.001293s ]
INFO: [ app_begin ] --END-- [ RunTime:0.001712s ]
INFO: [ view_parse ] --START--
INFO: Run Behavior\ParseTemplateBehavior [ RunTime:0.000995s ]
INFO: [ view_parse ] --END-- [ RunTime:0.001434s ]
INFO: [ view_filter ] --START--
INFO: Run Behavior\WriteHtmlCacheBehavior [ RunTime:0.000974s ]
INFO: [ view_filter ] --END-- [ RunTime:0.001350s ]
INFO: [ app_end ] --START--
INFO: Run Behavior\ShowPageTraceBehavior [ RunTime:0.001208s ]
INFO: [ app_end ] --END-- [ RunTime:0.001561s ]

er ] --END-- [ RunTime:0.001150s ]

[ 2017-08-16T20:24:37+08:00 ] 127.0.0.1 /index.php/admin/goods/lst
INFO: [ app_init ] --START--
INFO: Run Behavior\BuildLiteBehavior [ RunTime:0.000076s ]
INFO: [ app_init ] --END-- [ RunTime:0.003521s ]
INFO: [ app_begin ] --START--
INFO: Run Behavior\ReadHtmlCacheBehavior [ RunTime:0.004711s ]
INFO: [ app_begin ] --END-- [ RunTime:0.005137s ]
INFO: [ view_parse ] --START--
INFO: [ template_filter ] --START--
INFO: Run Behavior\ContentReplaceBehavior [ RunTime:0.000200s ]
INFO: [ template_filter ] --END-- [ RunTime:0.000640s ]
INFO: Run Behavior\ParseTemplateBehavior [ RunTime:0.057542s ]
INFO: [ view_parse ] --END-- [ RunTime:0.057919s ]
INFO: [ view_filter ] --START--
INFO: Run Behavior\WriteHtmlCacheBehavior [ RunTime:0.000937s ]
INFO: [ view_filter ] --END-- [ RunTime:0.001320s ]

[ 2017-08-16T20:24:37+08:00 ] 127.0.0.1 /index.php/Admin/Index/menu.html
INFO: [ app_init ] --START--
INFO: Run Behavior\BuildLiteBehavior [ RunTime:0.000120s ]
INFO: [ app_init ] --END-- [ RunTime:0.016719s ]
INFO: [ app_begin ] --START--
INFO: Run Behavior\ReadHtmlCacheBehavior [ RunTime:0.005143s ]
INFO: [ app_begin ] --END-- [ RunTime:0.007456s ]
INFO: [ view_parse ] --START--
INFO: [ template_filter ] --START--
INFO: Run Behavior\ContentReplaceBehavior [ RunTime:0.000178s ]
INFO: [ template_filter ] --END-- [ RunTime:0.000646s ]
INFO: Run Behavior\ParseTemplateBehavior [ RunTime:0.018966s ]
INFO: [ view_parse ] --END-- [ RunTime:0.019578s ]
INFO: [ view_filter ] --START--
INFO: Run Behavior\WriteHtmlCacheBehavior [ RunTime:0.000963s ]
INFO: [ view_filter ] --END-- [ RunTime:0.001404s ]

[ 2017-08-16T20:24:37+08:00 ] 127.0.0.1 /index.php/Admin/login/login
INFO: [ app_init ] --START--
INFO: Run Behavior\BuildLiteBehavior [ RunTime:0.000080s ]
INFO: [ app_init ] --END-- [ RunTime:0.003306s ]
INFO: [ app_begin ] --START--
INFO: Run Behavior\ReadHtmlCacheBehavior [ RunTime:0.001448s ]
INFO: [ app_begin ] --END-- [ RunTime:0.001862s ]
INFO: [ view_parse ] --START--
INFO: [ template_filter ] --START--
INFO: Run Behavior\ContentReplaceBehavior [ RunTime:0.000219s ]
INFO: [ template_filter ] --END-- [ RunTime:0.000631s ]
INFO: Run Behavior\ParseTemplateBehavior [ RunTime:0.028819s ]
INFO: [ view_parse ] --END-- [ RunTime:0.029258s ]
INFO: [ view_filter ] --START--
INFO: Run Behavior\WriteHtmlCacheBehavior [ RunTime:0.000992s ]
INFO: [ view_filter ] --END-- [ RunTime:0.001512s ]
INFO: [ app_end ] --START--
INFO: Run Behavior\ShowPageTraceBehavior [ RunTime:0.001743s ]
INFO: [ app_end ] --END-- [ RunTime:0.002194s ]

[ 2017-08-16T20:24:38+08:00 ] 127.0.0.1 /admin/index
INFO: [ app_init ] --START--
INFO: Run Behavior\BuildLiteBehavior [ RunTime:0.000083s ]
INFO: [ app_init ] --END-- [ RunTime:0.001321s ]
INFO: [ app_begin ] --START--
INFO: Run Behavior\ReadHtmlCacheBehavior [ RunTime:0.001236s ]
INFO: [ app_begin ] --END-- [ RunTime:0.001662s ]
INFO: [ view_parse ] --START--
INFO: [ template_filter ] --START--
INFO: Run Behavior\ContentReplaceBehavior [ RunTime:0.000201s ]
INFO: [ template_filter ] --END-- [ RunTime:0.000669s ]
INFO: Run Behavior\ParseTemplateBehavior [ RunTime:0.037017s ]
INFO: [ view_parse ] --END-- [ RunTime:0.037468s ]
INFO: [ view_filter ] --START--
INFO: Run Behavior\WriteHtmlCacheBehavior [ RunTime:0.001110s ]
INFO: [ view_filter ] --END-- [ RunTime:0.001545s ]

[ 2017-08-16T21:09:50+08:00 ] 127.0.0.1 /
INFO: [ app_init ] --START--
INFO: Run Behavior\BuildLiteBehavior [ RunTime:0.000106s ]
INFO: [ app_init ] --END-- [ RunTime:0.021487s ]
INFO: [ app_begin ] --START--
INFO: Run Behavior\ReadHtmlCacheBehavior [ RunTime:0.001547s ]
INFO: [ app_begin ] --END-- [ RunTime:0.001951s ]
INFO: [ view_parse ] --START--
INFO: Run Behavior\ParseTemplateBehavior [ RunTime:0.001292s ]
INFO: [ view_parse ] --END-- [ RunTime:0.001708s ]
INFO: [ view_filter ] --START--
INFO: Run Behavior\WriteHtmlCacheBehavior [ RunTime:0.002112s ]
INFO: [ view_filter ] --END-- [ RunTime:0.002491s ]
INFO: [ app_end ] --START--
INFO: Run Behavior\ShowPageTraceBehavior [ RunTime:0.001524s ]
INFO: [ app_end ] --END-- [ RunTime:0.001932s ]

[ 2017-08-16T21:09:51+08:00 ] 127.0.0.1 /index/
INFO: [ app_init ] --START--
INFO: Run Behavior\BuildLiteBehavior [ RunTime:0.000076s ]
INFO: [ app_init ] --END-- [ RunTime:0.022543s ]
INFO: [ app_begin ] --START--
INFO: Run Behavior\ReadHtmlCacheBehavior [ RunTime:0.002313s ]
INFO: [ app_begin ] --END-- [ RunTime:0.002831s ]
INFO: [ view_parse ] --START--
INFO: Run Behavior\ParseTemplateBehavior [ RunTime:0.001690s ]
INFO: [ view_parse ] --END-- [ RunTime:0.002112s ]
INFO: [ view_filter ] --START--
INFO: Run Behavior\WriteHtmlCacheBehavior [ RunTime:0.001060s ]
INFO: [ view_filter ] --END-- [ RunTime:0.001470s ]
INFO: [ app_end ] --START--
INFO: Run Behavior\ShowPageTraceBehavior [ RunTime:0.003949s ]
INFO: [ app_end ] --END-- [ RunTime:0.004827s ]

[ 2017-08-16T21:09:51+08:00 ] 127.0.0.1 /index.php/gii
INFO: [ app_init ] --START--
INFO: Run Behavior\BuildLiteBehavior [ RunTime:0.000079s ]
INFO: [ app_init ] --END-- [ RunTime:0.019846s ]
INFO: [ app_begin ] --START--
INFO: Run Behavior\ReadHtmlCacheBehavior [ RunTime:0.001771s ]
INFO: [ app_begin ] --END-- [ RunTime:0.002183s ]
INFO: [ view_parse ] --START--
INFO: [ template_filter ] --START--
INFO: Run Behavior\ContentReplaceBehavior [ RunTime:0.000195s ]
INFO: [ template_filter ] --END-- [ RunTime:0.000621s ]
INFO: Run Behavior\ParseTemplateBehavior [ RunTime:0.018701s ]
INFO: [ view_parse ] --END-- [ RunTime:0.019118s ]
INFO: [ view_filter ] --START--
INFO: Run Behavior\WriteHtmlCacheBehavior [ RunTime:0.001026s ]
INFO: [ view_filter ] --END-- [ RunTime:0.001415s ]
INFO: [ app_end ] --START--
INFO: Run Behavior\ShowPageTraceBehavior [ RunTime:0.001437s ]
INFO: [ app_end ] --END-- [ RunTime:0.001850s ]

[ 2017-08-16T21:09:51+08:00 ] 127.0.0.1 /admin/goods/lst
INFO: [ app_init ] --START--
INFO: Run Behavior\BuildLiteBehavior [ RunTime:0.000078s ]
INFO: [ app_init ] --END-- [ RunTime:0.001243s ]
INFO: [ app_begin ] --START--
INFO: Run Behavior\ReadHtmlCacheBehavior [ RunTime:0.001635s ]
INFO: [ app_begin ] --END-- [ RunTime:0.002080s ]
INFO: [ view_parse ] --START--
INFO: [ template_filter ] --START--
INFO: Run Behavior\ContentReplaceBehavior [ RunTime:0.000195s ]
INFO: [ template_filter ] --END-- [ RunTime:0.000621s ]
INFO: Run Behavior\ParseTemplateBehavior [ RunTime:0.054157s ]
INFO: [ view_parse ] --END-- [ RunTime:0.054595s ]
INFO: [ view_filter ] --START--
INFO: Run Behavior\WriteHtmlCacheBehavior [ RunTime:0.001590s ]
INFO: [ view_filter ] --END-- [ RunTime:0.001975s ]

[ 2017-08-16T21:09:51+08:00 ] 127.0.0.1 /index.php/admin/goods/lst
INFO: [ app_init ] --START--
INFO: Run Behavior\BuildLiteBehavior [ RunTime:0.000088s ]
INFO: [ app_init ] --END-- [ RunTime:0.013689s ]
INFO: [ app_begin ] --START--
INFO: Run Behavior\ReadHtmlCacheBehavior [ RunTime:0.001436s ]
INFO: [ app_begin ] --END-- [ RunTime:0.001871s ]
INFO: [ view_parse ] --START--
INFO: [ template_filter ] --START--
INFO: Run Behavior\ContentReplaceBehavior [ RunTime:0.000185s ]
INFO: [ template_filter ] --END-- [ RunTime:0.000627s ]
INFO: Run Behavior\ParseTemplateBehavior [ RunTime:0.017707s ]
INFO: [ view_parse ] --END-- [ RunTime:0.018131s ]
INFO: [ view_filter ] --START--
INFO: Run Behavior\WriteHtmlCacheBehavior [ RunTime:0.000948s ]
INFO: [ view_filter ] --END-- [ RunTime:0.001322s ]

[ 2017-08-16T21:09:51+08:00 ] 127.0.0.1 /index.php/Admin/Index/menu.html
INFO: [ app_init ] --START--
INFO: Run Behavior\BuildLiteBehavior [ RunTime:0.000071s ]
INFO: [ app_init ] --END-- [ RunTime:0.001211s ]
INFO: [ app_begin ] --START--
INFO: Run Behavior\ReadHtmlCacheBehavior [ RunTime:0.001240s ]
INFO: [ app_begin ] --END-- [ RunTime:0.001669s ]
INFO: [ view_parse ] --START--
INFO: [ template_filter ] --START--
INFO: Run Behavior\ContentReplaceBehavior [ RunTime:0.015810s ]
INFO: [ template_filter ] --END-- [ RunTime:0.016249s ]
INFO: Run Behavior\ParseTemplateBehavior [ RunTime:0.048309s ]
INFO: [ view_parse ] --END-- [ RunTime:0.049286s ]
INFO: [ view_filter ] --START--
INFO: Run Behavior\WriteHtmlCacheBehavior [ RunTime:0.000829s ]
INFO: [ view_filter ] --END-- [ RunTime:0.001245s ]

[ 2017-08-16T21:09:51+08:00 ] 127.0.0.1 /admin/goods/l
INFO: [ app_init ] --START--
INFO: Run Behavior\BuildLiteBehavior [ RunTime:0.000080s ]
INFO: [ app_init ] --END-- [ RunTime:0.001473s ]
INFO: [ app_begin ] --START--
INFO: Run Behavior\ReadHtmlCacheBehavior [ RunTime:0.016961s ]
INFO: [ app_begin ] --END-- [ RunTime:0.026087s ]
INFO: [ view_parse ] --START--
INFO: [ template_filter ] --START--
INFO: Run Behavior\ContentReplaceBehavior [ RunTime:0.000205s ]
INFO: [ template_filter ] --END-- [ RunTime:0.000626s ]
INFO: Run Behavior\ParseTemplateBehavior [ RunTime:0.019645s ]
INFO: [ view_parse ] --END-- [ RunTime:0.033650s ]
INFO: [ view_filter ] --START--
INFO: Run Behavior\WriteHtmlCacheBehavior [ RunTime:0.029360s ]
INFO: [ view_filter ] --END-- [ RunTime:0.029820s ]

[ 2017-08-16T21:09:51+08:00 ] 127.0.0.1 /index.php/admin/index/index
INFO: [ app_init ] --START--
INFO: Run Behavior\BuildLiteBehavior [ RunTime:0.000081s ]
INFO: [ app_init ] --END-- [ RunTime:0.001369s ]
INFO: [ app_begin ] --START--
INFO: Run Behavior\ReadHtmlCacheBehavior [ RunTime:0.001352s ]
INFO: [ app_begin ] --END-- [ RunTime:0.001803s ]
INFO: [ view_parse ] --START--
INFO: [ template_filter ] --START--
INFO: Run Behavior\ContentReplaceBehavior [ RunTime:0.000448s ]
INFO: [ template_filter ] --END-- [ RunTime:0.000954s ]
INFO: Run Behavior\ParseTemplateBehavior [ RunTime:0.039801s ]
INFO: [ view_parse ] --END-- [ RunTime:0.040233s ]
INFO: [ view_filter ] --START--
INFO: Run Behavior\WriteHtmlCacheBehavior [ RunTime:0.006415s ]
INFO: [ view_filter ] --END-- [ RunTime:0.006851s ]

[ 2017-08-16T21:09:51+08:00 ] 127.0.0.1 /admin/index
INFO: [ app_init ] --START--
INFO: Run Behavior\BuildLiteBehavior [ RunTime:0.000072s ]
INFO: [ app_init ] --END-- [ RunTime:0.001433s ]
INFO: [ app_begin ] --START--
INFO: Run Behavior\ReadHtmlCacheBehavior [ RunTime:0.001529s ]
INFO: [ app_begin ] --END-- [ RunTime:0.001985s ]
INFO: [ view_parse ] --START--
INFO: [ template_filter ] --START--
INFO: Run Behavior\ContentReplaceBehavior [ RunTime:0.000215s ]
INFO: [ template_filter ] --END-- [ RunTime:0.000624s ]
INFO: Run Behavior\ParseTemplateBehavior [ RunTime:0.018365s ]
INFO: [ view_parse ] --END-- [ RunTime:0.018799s ]
INFO: [ view_filter ] --START--
INFO: Run Behavior\WriteHtmlCacheBehavior [ RunTime:0.042670s ]
INFO: [ view_filter ] --END-- [ RunTime:0.043031s ]

[ 2017-08-16T21:09:51+08:00 ] 127.0.0.1 /index.php/admin/login/login
INFO: [ app_init ] --START--
INFO: Run Behavior\BuildLiteBehavior [ RunTime:0.000076s ]
INFO: [ app_init ] --END-- [ RunTime:0.001195s ]
INFO: [ app_begin ] --START--
INFO: Run Behavior\ReadHtmlCacheBehavior [ RunTime:0.001260s ]
INFO: [ app_begin ] --END-- [ RunTime:0.001741s ]
INFO: [ view_parse ] --START--
INFO: [ template_filter ] --START--
INFO: Run Behavior\ContentReplaceBehavior [ RunTime:0.000205s ]
INFO: [ template_filter ] --END-- [ RunTime:0.000637s ]
INFO: Run Behavior\ParseTemplateBehavior [ RunTime:0.019544s ]
INFO: [ view_parse ] --END-- [ RunTime:0.020045s ]
INFO: [ view_filter ] --START--
INFO: Run Behavior\WriteHtmlCacheBehavior [ RunTime:0.001604s ]
INFO: [ view_filter ] --END-- [ RunTime:0.002025s ]
INFO: [ app_end ] --START--
INFO: Run Behavior\ShowPageTraceBehavior [ RunTime:0.003722s ]
INFO: [ app_end ] --END-- [ RunTime:0.004142s ]

[ 2017-08-16T21:09:51+08:00 ] 127.0.0.1 /index.php/Admin/login/login
INFO: [ app_init ] --START--
INFO: Run Behavior\BuildLiteBehavior [ RunTime:0.000086s ]
INFO: [ app_init ] --END-- [ RunTime:0.011840s ]
INFO: [ app_begin ] --START--
INFO: Run Behavior\ReadHtmlCacheBehavior [ RunTime:0.003031s ]
INFO: [ app_begin ] --END-- [ RunTime:0.003594s ]
INFO: [ view_parse ] --START--
INFO: [ template_filter ] --START--
INFO: Run Behavior\ContentReplaceBehavior [ RunTime:0.000209s ]
INFO: [ template_filter ] --END-- [ RunTime:0.001278s ]
INFO: Run Behavior\ParseTemplateBehavior [ RunTime:0.077252s ]
INFO: [ view_parse ] --END-- [ RunTime:0.077758s ]
INFO: [ view_filter ] --START--
INFO: Run Behavior\WriteHtmlCacheBehavior [ RunTime:0.001006s ]
INFO: [ view_filter ] --END-- [ RunTime:0.001456s ]
INFO: [ app_end ] --START--
INFO: Run Behavior\ShowPageTraceBehavior [ RunTime:0.001698s ]
INFO: [ app_end ] --END-- [ RunTime:0.002160s ]

[ 2017-08-16T22:56:37+08:00 ] 127.0.0.1 /index/
INFO: [ app_init ] --START--
INFO: Run Behavior\BuildLiteBehavior [ RunTime:0.000089s ]
INFO: [ app_init ] --END-- [ RunTime:0.005570s ]
INFO: [ app_begin ] --START--
INFO: Run Behavior\ReadHtmlCacheBehavior [ RunTime:0.001793s ]
INFO: [ app_begin ] --END-- [ RunTime:0.002236s ]
INFO: [ view_parse ] --START--
INFO: Run Behavior\ParseTemplateBehavior [ RunTime:0.004966s ]
INFO: [ view_parse ] --END-- [ RunTime:0.006222s ]
INFO: [ view_filter ] --START--
INFO: Run Behavior\WriteHtmlCacheBehavior [ RunTime:0.000982s ]
INFO: [ view_filter ] --END-- [ RunTime:0.001427s ]
INFO: [ app_end ] --START--
INFO: Run Behavior\ShowPageTraceBehavior [ RunTime:0.001541s ]
INFO: [ app_end ] --END-- [ RunTime:0.002112s ]

[ 2017-08-16T22:56:37+08:00 ] 127.0.0.1 /
INFO: [ app_init ] --START--
INFO: Run Behavior\BuildLiteBehavior [ RunTime:0.000086s ]
INFO: [ app_init ] --END-- [ RunTime:0.001387s ]
INFO: [ app_begin ] --START--
INFO: Run Behavior\ReadHtmlCacheBehavior [ RunTime:0.003306s ]
INFO: [ app_begin ] --END-- [ RunTime:0.003736s ]
INFO: [ view_parse ] --START--
INFO: Run Behavior\ParseTemplateBehavior [ RunTime:0.001963s ]
INFO: [ view_parse ] --END-- [ RunTime:0.002468s ]
INFO: [ view_filter ] --START--
INFO: Run Behavior\WriteHtmlCacheBehavior [ RunTime:0.000972s ]
INFO: [ view_filter ] --END-- [ RunTime:0.001390s ]
INFO: [ app_end ] --START--
INFO: Run Behavior\ShowPageTraceBehavior [ RunTime:0.001468s ]
INFO: [ app_end ] --END-- [ RunTime:0.001872s ]

[ 2017-08-16T22:56:37+08:00 ] 127.0.0.1 /index.php/gii
INFO: [ app_init ] --START--
INFO: Run Behavior\BuildLiteBehavior [ RunTime:0.000086s ]
INFO: [ app_init ] --END-- [ RunTime:0.013562s ]
INFO: [ app_begin ] --START--
INFO: Run Behavior\ReadHtmlCacheBehavior [ RunTime:0.019319s ]
INFO: [ app_begin ] --END-- [ RunTime:0.020044s ]
INFO: [ view_parse ] --START--
INFO: [ template_filter ] --START--
INFO: Run Behavior\ContentReplaceBehavior [ RunTime:0.000208s ]
INFO: [ template_filter ] --END-- [ RunTime:0.000587s ]
INFO: Run Behavior\ParseTemplateBehavior [ RunTime:0.018559s ]
INFO: [ view_parse ] --END-- [ RunTime:0.018994s ]
INFO: [ view_filter ] --START--
INFO: Run Behavior\WriteHtmlCacheBehavior [ RunTime:0.003954s ]
INFO: [ view_filter ] --END-- [ RunTime:0.004345s ]
INFO: [ app_end ] --START--
INFO: Run Behavior\ShowPageTraceBehavior [ RunTime:0.001445s ]
INFO: [ app_end ] --END-- [ RunTime:0.001978s ]

[ 2017-08-16T22:56:37+08:00 ] 127.0.0.1 /index.php/admin/login/login
INFO: [ app_init ] --START--
INFO: Run Behavior\BuildLiteBehavior [ RunTime:0.000086s ]
INFO: [ app_init ] --END-- [ RunTime:0.015330s ]
INFO: [ app_begin ] --START--
INFO: Run Behavior\ReadHtmlCacheBehavior [ RunTime:0.001447s ]
INFO: [ app_begin ] --END-- [ RunTime:0.001877s ]
INFO: [ view_parse ] --START--
INFO: [ template_filter ] --START--
INFO: Run Behavior\ContentReplaceBehavior [ RunTime:0.000200s ]
INFO: [ template_filter ] --END-- [ RunTime:0.000588s ]
INFO: Run Behavior\ParseTemplateBehavior [ RunTime:0.018117s ]
INFO: [ view_parse ] --END-- [ RunTime:0.018583s ]
INFO: [ view_filter ] --START--
INFO: Run Behavior\WriteHtmlCacheBehavior [ RunTime:0.000933s ]
INFO: [ view_filter ] --END-- [ RunTime:0.001327s ]
INFO: [ app_end ] --START--
INFO: Run Behavior\ShowPageTraceBehavior [ RunTime:0.007135s ]
INFO: [ app_end ] --END-- [ RunTime:0.007572s ]

[ 2017-08-16T22:56:37+08:00 ] 127.0.0.1 /index.php/admin/index/index
INFO: [ app_init ] --START--
INFO: Run Behavior\BuildLiteBehavior [ RunTime:0.000077s ]
INFO: [ app_init ] --END-- [ RunTime:0.001239s ]
INFO: [ app_begin ] --START--
INFO: Run Behavior\ReadHtmlCacheBehavior [ RunTime:0.001296s ]
INFO: [ app_begin ] --END-- [ RunTime:0.001686s ]
INFO: [ view_parse ] --START--
INFO: [ template_filter ] --START--
INFO: Run Behavior\ContentReplaceBehavior [ RunTime:0.000178s ]
INFO: [ template_filter ] --END-- [ RunTime:0.000605s ]
INFO: Run Behavior\ParseTemplateBehavior [ RunTime:0.018022s ]
INFO: [ view_parse ] --END-- [ RunTime:0.018502s ]
INFO: [ view_filter ] --START--
INFO: Run Behavior\WriteHtmlCacheBehavior [ RunTime:0.000747s ]
INFO: [ view_filter ] --END-- [ RunTime:0.001009s ]

[ 2017-08-16T22:56:37+08:00 ] 127.0.0.1 /admin/index
INFO: [ app_init ] --START--
INFO: Run Behavior\BuildLiteBehavior [ RunTime:0.000075s ]
INFO: [ app_init ] --END-- [ RunTime:0.001186s ]
INFO: [ app_begin ] --START--
INFO: Run Behavior\ReadHtmlCacheBehavior [ RunTime:0.001371s ]
INFO: [ app_begin ] --END-- [ RunTime:0.001740s ]
INFO: [ view_parse ] --START--
INFO: [ template_filter ] --START--
INFO: Run Behavior\ContentReplaceBehavior [ RunTime:0.000207s ]
INFO: [ template_filter ] --END-- [ RunTime:0.000638s ]
INFO: Run Behavior\ParseTemplateBehavior [ RunTime:0.021803s ]
INFO: [ view_parse ] --END-- [ RunTime:0.022229s ]
INFO: [ view_filter ] --START--
INFO: Run Behavior\WriteHtmlCacheBehavior [ RunTime:0.000810s ]
INFO: [ view_filter ] --END-- [ RunTime:0.001179s ]

[ 2017-08-16T22:56:37+08:00 ] 127.0.0.1 /index.php/Admin/Index/menu.html
INFO: [ app_init ] --START--
INFO: Run Behavior\BuildLiteBehavior [ RunTime:0.000095s ]
INFO: [ app_init ] --END-- [ RunTime:0.031749s ]
INFO: [ app_begin ] --START--
INFO: Run Behavior\ReadHtmlCacheBehavior [ RunTime:0.044972s ]
INFO: [ app_begin ] --END-- [ RunTime:0.045380s ]
INFO: [ view_parse ] --START--
INFO: [ template_filter ] --START--
INFO: Run Behavior\ContentReplaceBehavior [ RunTime:0.000319s ]
INFO: [ template_filter ] --END-- [ RunTime:0.000799s ]
INFO: Run Behavior\ParseTemplateBehavior [ RunTime:0.018513s ]
INFO: [ view_parse ] --END-- [ RunTime:0.018971s ]
INFO: [ view_filter ] --START--
INFO: Run Behavior\WriteHtmlCacheBehavior [ RunTime:0.000986s ]
INFO: [ view_filter ] --END-- [ RunTime:0.001430s ]

[ 2017-08-16T22:56:37+08:00 ] 127.0.0.1 /admin/goods/lst
INFO: [ app_init ] --START--
INFO: Run Behavior\BuildLiteBehavior [ RunTime:0.000080s ]
INFO: [ app_init ] --END-- [ RunTime:0.021340s ]
INFO: [ app_begin ] --START--
INFO: Run Behavior\ReadHtmlCacheBehavior [ RunTime:0.005730s ]
INFO: [ app_begin ] --END-- [ RunTime:0.006168s ]
INFO: [ view_parse ] --START--
INFO: [ template_filter ] --START--
INFO: Run Behavior\ContentReplaceBehavior [ RunTime:0.000174s ]
INFO: [ template_filter ] --END-- [ RunTime:0.000566s ]
INFO: Run Behavior\ParseTemplateBehavior [ RunTime:0.016899s ]
INFO: [ view_parse ] --END-- [ RunTime:0.017337s ]
INFO: [ view_filter ] --START--
INFO: Run Behavior\WriteHtmlCacheBehavior [ RunTime:0.001027s ]
INFO: [ view_filter ] --END-- [ RunTime:0.001421s ]

[ 2017-08-16T22:56:38+08:00 ] 127.0.0.1 /index.php/Admin/login/login
INFO: [ app_init ] --START--
INFO: Run Behavior\BuildLiteBehavior [ RunTime:0.000082s ]
INFO: [ app_init ] --END-- [ RunTime:0.001395s ]
INFO: [ app_begin ] --START--
INFO: Run Behavior\ReadHtmlCacheBehavior [ RunTime:0.001442s ]
INFO: [ app_begin ] --END-- [ RunTime:0.001860s ]
INFO: [ view_parse ] --START--
INFO: [ template_filter ] --START--
INFO: Run Behavior\ContentReplaceBehavior [ RunTime:0.000208s ]
INFO: [ template_filter ] --END-- [ RunTime:0.000608s ]
INFO: Run Behavior\ParseTemplateBehavior [ RunTime:0.019422s ]
INFO: [ view_parse ] --END-- [ RunTime:0.019877s ]
INFO: [ view_filter ] --START--
INFO: Run Behavior\WriteHtmlCacheBehavior [ RunTime:0.001150s ]
INFO: [ view_filter ] --END-- [ RunTime:0.001608s ]
INFO: [ app_end ] --START--
INFO: Run Behavior\ShowPageTraceBehavior [ RunTime:0.001453s ]
INFO: [ app_end ] --END-- [ RunTime:0.001933s ]

[ 2017-08-16T22:56:38+08:00 ] 127.0.0.1 /admin/goods/l
INFO: [ app_init ] --START--
INFO: Run Behavior\BuildLiteBehavior [ RunTime:0.000082s ]
INFO: [ app_init ] --END-- [ RunTime:0.001318s ]
INFO: [ app_begin ] --START--
INFO: Run Behavior\ReadHtmlCacheBehavior [ RunTime:0.001151s ]
INFO: [ app_begin ] --END-- [ RunTime:0.001535s ]
INFO: [ view_parse ] --START--
INFO: [ template_filter ] --START--
INFO: Run Behavior\ContentReplaceBehavior [ RunTime:0.000200s ]
INFO: [ template_filter ] --END-- [ RunTime:0.000618s ]
INFO: Run Behavior\ParseTemplateBehavior [ RunTime:0.017555s ]
INFO: [ view_parse ] --END-- [ RunTime:0.018019s ]
INFO: [ view_filter ] --START--
INFO: Run Behavior\WriteHtmlCacheBehavior [ RunTime:0.001309s ]
INFO: [ view_filter ] --END-- [ RunTime:0.001741s ]

[ 2017-08-16T22:56:38+08:00 ] 127.0.0.1 /index.php/admin/goods/lst
INFO: [ app_init ] --START--
INFO: Run Behavior\BuildLiteBehavior [ RunTime:0.000131s ]
INFO: [ app_init ] --END-- [ RunTime:0.002161s ]
INFO: [ app_begin ] --START--
INFO: Run Behavior\ReadHtmlCacheBehavior [ RunTime:0.002014s ]
INFO: [ app_begin ] --END-- [ RunTime:0.002984s ]
INFO: [ view_parse ] --START--
INFO: [ template_filter ] --START--
INFO: Run Behavior\ContentReplaceBehavior [ RunTime:0.000199s ]
INFO: [ template_filter ] --END-- [ RunTime:0.000668s ]
INFO: Run Behavior\ParseTemplateBehavior [ RunTime:0.022089s ]
INFO: [ view_parse ] --END-- [ RunTime:0.022519s ]
INFO: [ view_filter ] --START--
INFO: Run Behavior\WriteHtmlCacheBehavior [ RunTime:0.001168s ]
INFO: [ view_filter ] --END-- [ RunTime:0.001569s ]

