[ 2017-07-19T19:27:14+08:00 ] 127.0.0.1 /
INFO: [ app_init ] --START--
INFO: Run Behavior\BuildLiteBehavior [ RunTime:0.000075s ]
INFO: [ app_init ] --END-- [ RunTime:0.002284s ]
INFO: [ app_begin ] --START--
INFO: Run Behavior\ReadHtmlCacheBehavior [ RunTime:0.002060s ]
INFO: [ app_begin ] --END-- [ RunTime:0.002526s ]
INFO: [ view_parse ] --START--
INFO: Run Behavior\ParseTemplateBehavior [ RunTime:0.002411s ]
INFO: [ view_parse ] --END-- [ RunTime:0.002837s ]
INFO: [ view_filter ] --START--
INFO: Run Behavior\WriteHtmlCacheBehavior [ RunTime:0.001677s ]
INFO: [ view_filter ] --END-- [ RunTime:0.002091s ]
INFO: [ app_end ] --START--
INFO: Run Behavior\ShowPageTraceBehavior [ RunTime:0.001982s ]
INFO: [ app_end ] --END-- [ RunTime:0.002331s ]

[ 2017-07-19T19:27:19+08:00 ] 127.0.0.1 /
INFO: [ app_init ] --START--
INFO: Run Behavior\BuildLiteBehavior [ RunTime:0.000043s ]
INFO: [ app_init ] --END-- [ RunTime:0.000796s ]
INFO: [ app_begin ] --START--
INFO: Run Behavior\ReadHtmlCacheBehavior [ RunTime:0.001391s ]
INFO: [ app_begin ] --END-- [ RunTime:0.001842s ]
INFO: [ view_parse ] --START--
INFO: Run Behavior\ParseTemplateBehavior [ RunTime:0.000603s ]
INFO: [ view_parse ] --END-- [ RunTime:0.000809s ]
INFO: [ view_filter ] --START--
INFO: Run Behavior\WriteHtmlCacheBehavior [ RunTime:0.000732s ]
INFO: [ view_filter ] --END-- [ RunTime:0.001080s ]
INFO: [ app_end ] --START--
INFO: Run Behavior\ShowPageTraceBehavior [ RunTime:0.000891s ]
INFO: [ app_end ] --END-- [ RunTime:0.001144s ]

[ 2017-07-19T19:27:31+08:00 ] 127.0.0.1 /index/
INFO: [ app_init ] --START--
INFO: Run Behavior\BuildLiteBehavior [ RunTime:0.000040s ]
INFO: [ app_init ] --END-- [ RunTime:0.000697s ]
INFO: [ app_begin ] --START--
INFO: Run Behavior\ReadHtmlCacheBehavior [ RunTime:0.000774s ]
INFO: [ app_begin ] --END-- [ RunTime:0.000971s ]
INFO: [ view_parse ] --START--
INFO: Run Behavior\ParseTemplateBehavior [ RunTime:0.000628s ]
INFO: [ view_parse ] --END-- [ RunTime:0.000834s ]
INFO: [ view_filter ] --START--
INFO: Run Behavior\WriteHtmlCacheBehavior [ RunTime:0.000473s ]
INFO: [ view_filter ] --END-- [ RunTime:0.000665s ]
INFO: [ app_end ] --START--
INFO: Run Behavior\ShowPageTraceBehavior [ RunTime:0.000785s ]
INFO: [ app_end ] --END-- [ RunTime:0.000971s ]

[ 2017-07-19T19:27:32+08:00 ] 127.0.0.1 /index/
INFO: [ app_init ] --START--
INFO: Run Behavior\BuildLiteBehavior [ RunTime:0.000049s ]
INFO: [ app_init ] --END-- [ RunTime:0.000750s ]
INFO: [ app_begin ] --START--
INFO: Run Behavior\ReadHtmlCacheBehavior [ RunTime:0.001194s ]
INFO: [ app_begin ] --END-- [ RunTime:0.001519s ]
INFO: [ view_parse ] --START--
INFO: Run Behavior\ParseTemplateBehavior [ RunTime:0.000591s ]
INFO: [ view_parse ] --END-- [ RunTime:0.000822s ]
INFO: [ view_filter ] --START--
INFO: Run Behavior\WriteHtmlCacheBehavior [ RunTime:0.000508s ]
INFO: [ view_filter ] --END-- [ RunTime:0.000701s ]
INFO: [ app_end ] --START--
INFO: Run Behavior\ShowPageTraceBehavior [ RunTime:0.000793s ]
INFO: [ app_end ] --END-- [ RunTime:0.001011s ]

[ 2017-07-19T19:27:32+08:00 ] 127.0.0.1 /index
INFO: [ app_init ] --START--
INFO: Run Behavior\BuildLiteBehavior [ RunTime:0.000083s ]
INFO: [ app_init ] --END-- [ RunTime:0.001313s ]
INFO: [ app_begin ] --START--
INFO: Run Behavior\ReadHtmlCacheBehavior [ RunTime:0.001125s ]
INFO: [ app_begin ] --END-- [ RunTime:0.001359s ]
INFO: [ view_parse ] --START--
INFO: Run Behavior\ParseTemplateBehavior [ RunTime:0.000869s ]
INFO: [ view_parse ] --END-- [ RunTime:0.001171s ]
INFO: [ view_filter ] --START--
INFO: Run Behavior\WriteHtmlCacheBehavior [ RunTime:0.001447s ]
INFO: [ view_filter ] --END-- [ RunTime:0.003713s ]
INFO: [ app_end ] --START--
INFO: Run Behavior\ShowPageTraceBehavior [ RunTime:0.002652s ]
INFO: [ app_end ] --END-- [ RunTime:0.003112s ]

[ 2017-07-19T19:27:39+08:00 ] 127.0.0.1 /admin
INFO: [ app_init ] --START--
INFO: Run Behavior\BuildLiteBehavior [ RunTime:0.000040s ]
INFO: [ app_init ] --END-- [ RunTime:0.000726s ]
INFO: [ app_begin ] --START--
INFO: Run Behavior\ReadHtmlCacheBehavior [ RunTime:0.000770s ]
INFO: [ app_begin ] --END-- [ RunTime:0.000970s ]
INFO: [ view_parse ] --START--
INFO: [ template_filter ] --START--
INFO: Run Behavior\ContentReplaceBehavior [ RunTime:0.000100s ]
INFO: [ template_filter ] --END-- [ RunTime:0.000309s ]
INFO: Run Behavior\ParseTemplateBehavior [ RunTime:0.014573s ]
INFO: [ view_parse ] --END-- [ RunTime:0.014806s ]
INFO: [ view_filter ] --START--
INFO: Run Behavior\WriteHtmlCacheBehavior [ RunTime:0.000675s ]
INFO: [ view_filter ] --END-- [ RunTime:0.001002s ]

[ 2017-07-19T19:27:41+08:00 ] 127.0.0.1 /admin/goods
INFO: [ app_init ] --START--
INFO: Run Behavior\BuildLiteBehavior [ RunTime:0.000047s ]
INFO: [ app_init ] --END-- [ RunTime:0.000728s ]
INFO: [ app_begin ] --START--
INFO: Run Behavior\ReadHtmlCacheBehavior [ RunTime:0.000862s ]
INFO: [ app_begin ] --END-- [ RunTime:0.001159s ]
INFO: [ view_parse ] --START--
INFO: [ template_filter ] --START--
INFO: Run Behavior\ContentReplaceBehavior [ RunTime:0.000159s ]
INFO: [ template_filter ] --END-- [ RunTime:0.000520s ]
INFO: Run Behavior\ParseTemplateBehavior [ RunTime:0.010934s ]
INFO: [ view_parse ] --END-- [ RunTime:0.011152s ]
INFO: [ view_filter ] --START--
INFO: Run Behavior\WriteHtmlCacheBehavior [ RunTime:0.000543s ]
INFO: [ view_filter ] --END-- [ RunTime:0.000873s ]

[ 2017-07-19T19:27:41+08:00 ] 127.0.0.1 /admin/goods
INFO: [ app_init ] --START--
INFO: Run Behavior\BuildLiteBehavior [ RunTime:0.000051s ]
INFO: [ app_init ] --END-- [ RunTime:0.000922s ]
INFO: [ app_begin ] --START--
INFO: Run Behavior\ReadHtmlCacheBehavior [ RunTime:0.000838s ]
INFO: [ app_begin ] --END-- [ RunTime:0.001067s ]
INFO: [ view_parse ] --START--
INFO: [ template_filter ] --START--
INFO: Run Behavior\ContentReplaceBehavior [ RunTime:0.000108s ]
INFO: [ template_filter ] --END-- [ RunTime:0.000330s ]
INFO: Run Behavior\ParseTemplateBehavior [ RunTime:0.010246s ]
INFO: [ view_parse ] --END-- [ RunTime:0.010457s ]
INFO: [ view_filter ] --START--
INFO: Run Behavior\WriteHtmlCacheBehavior [ RunTime:0.000507s ]
INFO: [ view_filter ] --END-- [ RunTime:0.000696s ]

[ 2017-07-19T19:27:42+08:00 ] 127.0.0.1 /admin/goods/ls
INFO: [ app_init ] --START--
INFO: Run Behavior\BuildLiteBehavior [ RunTime:0.000041s ]
INFO: [ app_init ] --END-- [ RunTime:0.000742s ]
INFO: [ app_begin ] --START--
INFO: Run Behavior\ReadHtmlCacheBehavior [ RunTime:0.000798s ]
INFO: [ app_begin ] --END-- [ RunTime:0.001020s ]
INFO: [ view_parse ] --START--
INFO: [ template_filter ] --START--
INFO: Run Behavior\ContentReplaceBehavior [ RunTime:0.000101s ]
INFO: [ template_filter ] --END-- [ RunTime:0.000330s ]
INFO: Run Behavior\ParseTemplateBehavior [ RunTime:0.010043s ]
INFO: [ view_parse ] --END-- [ RunTime:0.010264s ]
INFO: [ view_filter ] --START--
INFO: Run Behavior\WriteHtmlCacheBehavior [ RunTime:0.000488s ]
INFO: [ view_filter ] --END-- [ RunTime:0.000668s ]

[ 2017-07-19T19:27:43+08:00 ] 127.0.0.1 /admin/goods/lst
INFO: [ app_init ] --START--
INFO: Run Behavior\BuildLiteBehavior [ RunTime:0.000112s ]
INFO: [ app_init ] --END-- [ RunTime:0.016756s ]
INFO: [ app_begin ] --START--
INFO: Run Behavior\ReadHtmlCacheBehavior [ RunTime:0.000966s ]
INFO: [ app_begin ] --END-- [ RunTime:0.001203s ]
INFO: [ view_parse ] --START--
INFO: [ template_filter ] --START--
INFO: Run Behavior\ContentReplaceBehavior [ RunTime:0.000118s ]
INFO: [ template_filter ] --END-- [ RunTime:0.000872s ]
INFO: Run Behavior\ParseTemplateBehavior [ RunTime:0.019621s ]
INFO: [ view_parse ] --END-- [ RunTime:0.019900s ]
INFO: [ view_filter ] --START--
INFO: Run Behavior\WriteHtmlCacheBehavior [ RunTime:0.000502s ]
INFO: [ view_filter ] --END-- [ RunTime:0.000682s ]

[ 2017-07-19T19:27:43+08:00 ] 127.0.0.1 /admin/goods/lst
INFO: [ app_init ] --START--
INFO: Run Behavior\BuildLiteBehavior [ RunTime:0.000042s ]
INFO: [ app_init ] --END-- [ RunTime:0.000898s ]
INFO: [ app_begin ] --START--
INFO: Run Behavior\ReadHtmlCacheBehavior [ RunTime:0.001339s ]
INFO: [ app_begin ] --END-- [ RunTime:0.001745s ]
INFO: [ view_parse ] --START--
INFO: [ template_filter ] --START--
INFO: Run Behavior\ContentReplaceBehavior [ RunTime:0.000104s ]
INFO: [ template_filter ] --END-- [ RunTime:0.000611s ]
INFO: Run Behavior\ParseTemplateBehavior [ RunTime:0.015486s ]
INFO: [ view_parse ] --END-- [ RunTime:0.015896s ]
INFO: [ view_filter ] --START--
INFO: Run Behavior\WriteHtmlCacheBehavior [ RunTime:0.000595s ]
INFO: [ view_filter ] --END-- [ RunTime:0.000920s ]

[ 2017-07-19T19:27:47+08:00 ] 127.0.0.1 /index.php/admin/login/login.html
INFO: [ app_init ] --START--
INFO: Run Behavior\BuildLiteBehavior [ RunTime:0.000086s ]
INFO: [ app_init ] --END-- [ RunTime:0.006678s ]
INFO: [ app_begin ] --START--
INFO: Run Behavior\ReadHtmlCacheBehavior [ RunTime:0.003983s ]
INFO: [ app_begin ] --END-- [ RunTime:0.004402s ]
INFO: [ view_parse ] --START--
INFO: [ template_filter ] --START--
INFO: Run Behavior\ContentReplaceBehavior [ RunTime:0.000202s ]
INFO: [ template_filter ] --END-- [ RunTime:0.000575s ]
INFO: Run Behavior\ParseTemplateBehavior [ RunTime:0.024932s ]
INFO: [ view_parse ] --END-- [ RunTime:0.025341s ]
INFO: [ view_filter ] --START--
INFO: Run Behavior\WriteHtmlCacheBehavior [ RunTime:0.010683s ]
INFO: [ view_filter ] --END-- [ RunTime:0.011172s ]
INFO: [ app_end ] --START--
INFO: Run Behavior\ShowPageTraceBehavior [ RunTime:0.001920s ]
INFO: [ app_end ] --END-- [ RunTime:0.002605s ]

[ 2017-07-19T19:27:47+08:00 ] 127.0.0.1 /index.php/admin/login/code.html
INFO: [ app_init ] --START--
INFO: Run Behavior\BuildLiteBehavior [ RunTime:0.000070s ]
INFO: [ app_init ] --END-- [ RunTime:0.001600s ]
INFO: [ app_begin ] --START--
INFO: Run Behavior\ReadHtmlCacheBehavior [ RunTime:0.002704s ]
INFO: [ app_begin ] --END-- [ RunTime:0.003404s ]
INFO: [ app_end ] --START--
INFO: Run Behavior\ShowPageTraceBehavior [ RunTime:0.003367s ]
INFO: [ app_end ] --END-- [ RunTime:0.006297s ]

[ 2017-07-19T19:27:59+08:00 ] 127.0.0.1 /index.php/admin/login/login.html
INFO: [ app_init ] --START--
INFO: Run Behavior\BuildLiteBehavior [ RunTime:0.000088s ]
INFO: [ app_init ] --END-- [ RunTime:0.001531s ]
INFO: [ app_begin ] --START--
INFO: Run Behavior\ReadHtmlCacheBehavior [ RunTime:0.000919s ]
INFO: [ app_begin ] --END-- [ RunTime:0.001213s ]
NOTIC: [8192] mysql_connect(): The mysql extension is deprecated and will be removed in the future: use mysqli or PDO instead D:\wamp64\www\mycc\ThinkPHP\Library\Think\Db\Driver\Mysql.class.php 第 52 行.
SQL: SHOW COLUMNS FROM `jxshop_admin` [ RunTime:0.020211s ]
SQL: SELECT * FROM `jxshop_admin` WHERE ( `username` = 'root' ) LIMIT 1   [ RunTime:0.004249s ]
INFO: [ view_parse ] --START--
INFO: [ template_filter ] --START--
INFO: Run Behavior\ContentReplaceBehavior [ RunTime:0.000236s ]
INFO: [ template_filter ] --END-- [ RunTime:0.000775s ]
INFO: Run Behavior\ParseTemplateBehavior [ RunTime:0.020139s ]
INFO: [ view_parse ] --END-- [ RunTime:0.020595s ]
INFO: [ view_filter ] --START--
INFO: Run Behavior\WriteHtmlCacheBehavior [ RunTime:0.001094s ]
INFO: [ view_filter ] --END-- [ RunTime:0.001582s ]

[ 2017-07-19T19:28:01+08:00 ] 127.0.0.1 /index.php/Admin/Index/index.html
INFO: [ app_init ] --START--
INFO: Run Behavior\BuildLiteBehavior [ RunTime:0.000094s ]
INFO: [ app_init ] --END-- [ RunTime:0.019846s ]
INFO: [ app_begin ] --START--
INFO: Run Behavior\ReadHtmlCacheBehavior [ RunTime:0.002191s ]
INFO: [ app_begin ] --END-- [ RunTime:0.002916s ]
NOTIC: [8192] mysql_connect(): The mysql extension is deprecated and will be removed in the future: use mysqli or PDO instead D:\wamp64\www\mycc\ThinkPHP\Library\Think\Db\Driver\Mysql.class.php 第 52 行.
SQL: SHOW COLUMNS FROM `jxshop_admin` [ RunTime:0.002107s ]
INFO: [ view_parse ] --START--
INFO: [ template_filter ] --START--
INFO: Run Behavior\ContentReplaceBehavior [ RunTime:0.000194s ]
INFO: [ template_filter ] --END-- [ RunTime:0.000639s ]
INFO: Run Behavior\ParseTemplateBehavior [ RunTime:0.015962s ]
INFO: [ view_parse ] --END-- [ RunTime:0.016229s ]
INFO: [ view_filter ] --START--
INFO: Run Behavior\WriteHtmlCacheBehavior [ RunTime:0.000667s ]
INFO: [ view_filter ] --END-- [ RunTime:0.000883s ]
INFO: [ app_end ] --START--
INFO: Run Behavior\ShowPageTraceBehavior [ RunTime:0.001193s ]
INFO: [ app_end ] --END-- [ RunTime:0.001480s ]

[ 2017-07-19T19:28:01+08:00 ] 127.0.0.1 /index.php/Admin/Index/top.html
INFO: [ app_init ] --START--
INFO: Run Behavior\BuildLiteBehavior [ RunTime:0.000081s ]
INFO: [ app_init ] --END-- [ RunTime:0.001221s ]
INFO: [ app_begin ] --START--
INFO: Run Behavior\ReadHtmlCacheBehavior [ RunTime:0.001430s ]
INFO: [ app_begin ] --END-- [ RunTime:0.001836s ]
NOTIC: [8192] mysql_connect(): The mysql extension is deprecated and will be removed in the future: use mysqli or PDO instead D:\wamp64\www\mycc\ThinkPHP\Library\Think\Db\Driver\Mysql.class.php 第 52 行.
SQL: SHOW COLUMNS FROM `jxshop_admin` [ RunTime:0.002139s ]
INFO: [ view_parse ] --START--
INFO: [ template_filter ] --START--
INFO: Run Behavior\ContentReplaceBehavior [ RunTime:0.000225s ]
INFO: [ template_filter ] --END-- [ RunTime:0.000678s ]
INFO: Run Behavior\ParseTemplateBehavior [ RunTime:0.019068s ]
INFO: [ view_parse ] --END-- [ RunTime:0.019543s ]
INFO: [ view_filter ] --START--
INFO: Run Behavior\WriteHtmlCacheBehavior [ RunTime:0.001051s ]
INFO: [ view_filter ] --END-- [ RunTime:0.001441s ]
INFO: [ app_end ] --START--
INFO: Run Behavior\ShowPageTraceBehavior [ RunTime:0.003585s ]
INFO: [ app_end ] --END-- [ RunTime:0.004067s ]

[ 2017-07-19T19:28:01+08:00 ] 127.0.0.1 /index.php/Admin/Index/main.html
INFO: [ app_init ] --START--
INFO: Run Behavior\BuildLiteBehavior [ RunTime:0.000073s ]
INFO: [ app_init ] --END-- [ RunTime:0.001297s ]
INFO: [ app_begin ] --START--
INFO: Run Behavior\ReadHtmlCacheBehavior [ RunTime:0.004694s ]
INFO: [ app_begin ] --END-- [ RunTime:0.006837s ]
NOTIC: [8192] mysql_connect(): The mysql extension is deprecated and will be removed in the future: use mysqli or PDO instead D:\wamp64\www\mycc\ThinkPHP\Library\Think\Db\Driver\Mysql.class.php 第 52 行.
SQL: SHOW COLUMNS FROM `jxshop_admin` [ RunTime:0.002141s ]
INFO: [ view_parse ] --START--
INFO: [ template_filter ] --START--
INFO: Run Behavior\ContentReplaceBehavior [ RunTime:0.000252s ]
INFO: [ template_filter ] --END-- [ RunTime:0.000698s ]
INFO: Run Behavior\ParseTemplateBehavior [ RunTime:0.021629s ]
INFO: [ view_parse ] --END-- [ RunTime:0.022106s ]
INFO: [ view_filter ] --START--
INFO: Run Behavior\WriteHtmlCacheBehavior [ RunTime:0.000903s ]
INFO: [ view_filter ] --END-- [ RunTime:0.001318s ]
INFO: [ app_end ] --START--
INFO: Run Behavior\ShowPageTraceBehavior [ RunTime:0.001520s ]
INFO: [ app_end ] --END-- [ RunTime:0.001944s ]

[ 2017-07-19T19:28:01+08:00 ] 127.0.0.1 /index.php/Admin/Index/menu.html
INFO: [ app_init ] --START--
INFO: Run Behavior\BuildLiteBehavior [ RunTime:0.000078s ]
INFO: [ app_init ] --END-- [ RunTime:0.006965s ]
INFO: [ app_begin ] --START--
INFO: Run Behavior\ReadHtmlCacheBehavior [ RunTime:0.004480s ]
INFO: [ app_begin ] --END-- [ RunTime:0.005007s ]
NOTIC: [8192] mysql_connect(): The mysql extension is deprecated and will be removed in the future: use mysqli or PDO instead D:\wamp64\www\mycc\ThinkPHP\Library\Think\Db\Driver\Mysql.class.php 第 52 行.
SQL: SHOW COLUMNS FROM `jxshop_admin` [ RunTime:0.002913s ]
SQL: SHOW COLUMNS FROM `jxshop_privilege` [ RunTime:0.005970s ]
SQL: SELECT * FROM `jxshop_privilege`  [ RunTime:0.002295s ]
INFO: [ view_parse ] --START--
INFO: [ template_filter ] --START--
INFO: Run Behavior\ContentReplaceBehavior [ RunTime:0.000428s ]
INFO: [ template_filter ] --END-- [ RunTime:0.000940s ]
NOTIC: [8] Undefined index: children D:\wamp64\www\mycc\Application\Runtime\Cache\Admin\5f62cf3ecb66a47dcb1a9b7512abfb3d.php 第 130 行.
NOTIC: [2] Invalid argument supplied for foreach() D:\wamp64\www\mycc\Application\Runtime\Cache\Admin\5f62cf3ecb66a47dcb1a9b7512abfb3d.php 第 130 行.
INFO: Run Behavior\ParseTemplateBehavior [ RunTime:0.031319s ]
INFO: [ view_parse ] --END-- [ RunTime:0.031801s ]
INFO: [ view_filter ] --START--
INFO: Run Behavior\WriteHtmlCacheBehavior [ RunTime:0.001186s ]
INFO: [ view_filter ] --END-- [ RunTime:0.001625s ]
INFO: [ app_end ] --START--
INFO: Run Behavior\ShowPageTraceBehavior [ RunTime:0.003016s ]
INFO: [ app_end ] --END-- [ RunTime:0.003749s ]

[ 2017-07-19T19:28:04+08:00 ] 127.0.0.1 /index.php/admin/goods/lst.html
INFO: [ app_init ] --START--
INFO: Run Behavior\BuildLiteBehavior [ RunTime:0.000088s ]
INFO: [ app_init ] --END-- [ RunTime:0.001574s ]
INFO: [ app_begin ] --START--
INFO: Run Behavior\ReadHtmlCacheBehavior [ RunTime:0.002406s ]
INFO: [ app_begin ] --END-- [ RunTime:0.002872s ]
NOTIC: [8192] mysql_connect(): The mysql extension is deprecated and will be removed in the future: use mysqli or PDO instead D:\wamp64\www\mycc\ThinkPHP\Library\Think\Db\Driver\Mysql.class.php 第 52 行.
SQL: SHOW COLUMNS FROM `jxshop_admin` [ RunTime:0.002138s ]
SQL: SHOW COLUMNS FROM `jxshop_goods` [ RunTime:0.005014s ]
SQL: SELECT COUNT(*) AS tp_count FROM `jxshop_goods` LIMIT 1   [ RunTime:0.003002s ]
SQL: SELECT * FROM `jxshop_goods` ORDER BY addtime desc LIMIT 0,2   [ RunTime:0.001249s ]
SQL: SHOW COLUMNS FROM `jxshop_category` [ RunTime:0.004537s ]
SQL: SELECT * FROM `jxshop_category`  [ RunTime:0.001169s ]
INFO: [ view_parse ] --START--
INFO: [ template_filter ] --START--
INFO: Run Behavior\ContentReplaceBehavior [ RunTime:0.000258s ]
INFO: [ template_filter ] --END-- [ RunTime:0.000740s ]
INFO: Run Behavior\ParseTemplateBehavior [ RunTime:0.031890s ]
INFO: [ view_parse ] --END-- [ RunTime:0.032484s ]
INFO: [ view_filter ] --START--
INFO: Run Behavior\WriteHtmlCacheBehavior [ RunTime:0.000951s ]
INFO: [ view_filter ] --END-- [ RunTime:0.001343s ]
INFO: [ app_end ] --START--
INFO: Run Behavior\ShowPageTraceBehavior [ RunTime:0.002155s ]
INFO: [ app_end ] --END-- [ RunTime:0.002638s ]

[ 2017-07-19T19:28:10+08:00 ] 127.0.0.1 /index.php/admin/type/lst.html
INFO: [ app_init ] --START--
INFO: Run Behavior\BuildLiteBehavior [ RunTime:0.000089s ]
INFO: [ app_init ] --END-- [ RunTime:0.002160s ]
INFO: [ app_begin ] --START--
INFO: Run Behavior\ReadHtmlCacheBehavior [ RunTime:0.000963s ]
INFO: [ app_begin ] --END-- [ RunTime:0.001188s ]
NOTIC: [8192] mysql_connect(): The mysql extension is deprecated and will be removed in the future: use mysqli or PDO instead D:\wamp64\www\mycc\ThinkPHP\Library\Think\Db\Driver\Mysql.class.php 第 52 行.
SQL: SHOW COLUMNS FROM `jxshop_type` [ RunTime:0.004964s ]
SQL: SELECT COUNT(*) AS tp_count FROM jxshop_type a LIMIT 1   [ RunTime:0.001011s ]
SQL: SELECT * FROM jxshop_type a GROUP BY a.id LIMIT 0,20   [ RunTime:0.001955s ]
INFO: [ view_parse ] --START--
INFO: [ template_filter ] --START--
INFO: Run Behavior\ContentReplaceBehavior [ RunTime:0.000230s ]
INFO: [ template_filter ] --END-- [ RunTime:0.000656s ]
NOTIC: [8] Undefined variable: _page_tile D:\wamp64\www\mycc\Application\Runtime\Cache\Admin\9e1e5841af12860e6ba08b9e55eb68af.php 第 4 行.
NOTIC: [8] Undefined variable: _page_tile D:\wamp64\www\mycc\Application\Runtime\Cache\Admin\9e1e5841af12860e6ba08b9e55eb68af.php 第 13 行.
INFO: Run Behavior\ParseTemplateBehavior [ RunTime:0.026423s ]
INFO: [ view_parse ] --END-- [ RunTime:0.026794s ]
INFO: [ view_filter ] --START--
INFO: Run Behavior\WriteHtmlCacheBehavior [ RunTime:0.002235s ]
INFO: [ view_filter ] --END-- [ RunTime:0.002717s ]
INFO: [ app_end ] --START--
INFO: Run Behavior\ShowPageTraceBehavior [ RunTime:0.001511s ]
INFO: [ app_end ] --END-- [ RunTime:0.001974s ]

[ 2017-07-19T19:28:14+08:00 ] 127.0.0.1 /index.php/admin/goods/lst.html
INFO: [ app_init ] --START--
INFO: Run Behavior\BuildLiteBehavior [ RunTime:0.000115s ]
INFO: [ app_init ] --END-- [ RunTime:0.005433s ]
INFO: [ app_begin ] --START--
INFO: Run Behavior\ReadHtmlCacheBehavior [ RunTime:0.003401s ]
INFO: [ app_begin ] --END-- [ RunTime:0.004193s ]
NOTIC: [8192] mysql_connect(): The mysql extension is deprecated and will be removed in the future: use mysqli or PDO instead D:\wamp64\www\mycc\ThinkPHP\Library\Think\Db\Driver\Mysql.class.php 第 52 行.
SQL: SHOW COLUMNS FROM `jxshop_admin` [ RunTime:0.002969s ]
SQL: SHOW COLUMNS FROM `jxshop_goods` [ RunTime:0.002378s ]
SQL: SELECT COUNT(*) AS tp_count FROM `jxshop_goods` LIMIT 1   [ RunTime:0.000589s ]
SQL: SELECT * FROM `jxshop_goods` ORDER BY addtime desc LIMIT 0,2   [ RunTime:0.000979s ]
SQL: SHOW COLUMNS FROM `jxshop_category` [ RunTime:0.002390s ]
SQL: SELECT * FROM `jxshop_category`  [ RunTime:0.000695s ]
INFO: [ view_parse ] --START--
INFO: [ template_filter ] --START--
INFO: Run Behavior\ContentReplaceBehavior [ RunTime:0.000252s ]
INFO: [ template_filter ] --END-- [ RunTime:0.000690s ]
INFO: Run Behavior\ParseTemplateBehavior [ RunTime:0.026522s ]
INFO: [ view_parse ] --END-- [ RunTime:0.026918s ]
INFO: [ view_filter ] --START--
INFO: Run Behavior\WriteHtmlCacheBehavior [ RunTime:0.000826s ]
INFO: [ view_filter ] --END-- [ RunTime:0.001144s ]
INFO: [ app_end ] --START--
INFO: Run Behavior\ShowPageTraceBehavior [ RunTime:0.000867s ]
INFO: [ app_end ] --END-- [ RunTime:0.001092s ]

[ 2017-07-19T19:28:16+08:00 ] 127.0.0.1 /index.php/Admin/Goods/edit/id/43.html
INFO: [ app_init ] --START--
INFO: Run Behavior\BuildLiteBehavior [ RunTime:0.000116s ]
INFO: [ app_init ] --END-- [ RunTime:0.001803s ]
INFO: [ app_begin ] --START--
INFO: Run Behavior\ReadHtmlCacheBehavior [ RunTime:0.001637s ]
INFO: [ app_begin ] --END-- [ RunTime:0.002066s ]
NOTIC: [8192] mysql_connect(): The mysql extension is deprecated and will be removed in the future: use mysqli or PDO instead D:\wamp64\www\mycc\ThinkPHP\Library\Think\Db\Driver\Mysql.class.php 第 52 行.
SQL: SHOW COLUMNS FROM `jxshop_admin` [ RunTime:0.002106s ]
SQL: SHOW COLUMNS FROM `jxshop_goods` [ RunTime:0.003564s ]
SQL: SELECT * FROM `jxshop_goods` WHERE ( `id` = 43 ) LIMIT 1   [ RunTime:0.001106s ]
SQL: SHOW COLUMNS FROM `jxshop_type` [ RunTime:0.003162s ]
SQL: SELECT * FROM `jxshop_type`  [ RunTime:0.000749s ]
SQL: SHOW COLUMNS FROM `jxshop_goods_cat` [ RunTime:0.005039s ]
SQL: SELECT * FROM `jxshop_goods_cat` WHERE ( `goods_id` = '43' )  [ RunTime:0.001302s ]
SQL: SHOW COLUMNS FROM `jxshop_category` [ RunTime:0.002465s ]
SQL: SELECT * FROM `jxshop_category`  [ RunTime:0.000732s ]
INFO: [ view_parse ] --START--
INFO: [ template_filter ] --START--
INFO: Run Behavior\ContentReplaceBehavior [ RunTime:0.000458s ]
INFO: [ template_filter ] --END-- [ RunTime:0.001100s ]
INFO: Run Behavior\ParseTemplateBehavior [ RunTime:0.028494s ]
INFO: [ view_parse ] --END-- [ RunTime:0.028894s ]
INFO: [ view_filter ] --START--
INFO: Run Behavior\WriteHtmlCacheBehavior [ RunTime:0.000964s ]
INFO: [ view_filter ] --END-- [ RunTime:0.001354s ]
INFO: [ app_end ] --START--
INFO: Run Behavior\ShowPageTraceBehavior [ RunTime:0.001397s ]
INFO: [ app_end ] --END-- [ RunTime:0.001787s ]

[ 2017-07-19T19:28:21+08:00 ] 127.0.0.1 /index.php/admin/goods/lst.html
INFO: [ app_init ] --START--
INFO: Run Behavior\BuildLiteBehavior [ RunTime:0.000104s ]
INFO: [ app_init ] --END-- [ RunTime:0.001855s ]
INFO: [ app_begin ] --START--
INFO: Run Behavior\ReadHtmlCacheBehavior [ RunTime:0.001513s ]
INFO: [ app_begin ] --END-- [ RunTime:0.001944s ]
NOTIC: [8192] mysql_connect(): The mysql extension is deprecated and will be removed in the future: use mysqli or PDO instead D:\wamp64\www\mycc\ThinkPHP\Library\Think\Db\Driver\Mysql.class.php 第 52 行.
SQL: SHOW COLUMNS FROM `jxshop_admin` [ RunTime:0.002127s ]
SQL: SHOW COLUMNS FROM `jxshop_goods` [ RunTime:0.003429s ]
SQL: SELECT COUNT(*) AS tp_count FROM `jxshop_goods` LIMIT 1   [ RunTime:0.001143s ]
SQL: SELECT * FROM `jxshop_goods` ORDER BY addtime desc LIMIT 0,2   [ RunTime:0.000910s ]
SQL: SHOW COLUMNS FROM `jxshop_category` [ RunTime:0.002512s ]
SQL: SELECT * FROM `jxshop_category`  [ RunTime:0.000699s ]
INFO: [ view_parse ] --START--
INFO: [ template_filter ] --START--
INFO: Run Behavior\ContentReplaceBehavior [ RunTime:0.000187s ]
INFO: [ template_filter ] --END-- [ RunTime:0.000510s ]
INFO: Run Behavior\ParseTemplateBehavior [ RunTime:0.025952s ]
INFO: [ view_parse ] --END-- [ RunTime:0.026410s ]
INFO: [ view_filter ] --START--
INFO: Run Behavior\WriteHtmlCacheBehavior [ RunTime:0.001315s ]
INFO: [ view_filter ] --END-- [ RunTime:0.001767s ]
INFO: [ app_end ] --START--
INFO: Run Behavior\ShowPageTraceBehavior [ RunTime:0.001945s ]
INFO: [ app_end ] --END-- [ RunTime:0.002454s ]

[ 2017-07-19T19:28:22+08:00 ] 127.0.0.1 /index.php/admin/type/lst.html
INFO: [ app_init ] --START--
INFO: Run Behavior\BuildLiteBehavior [ RunTime:0.000077s ]
INFO: [ app_init ] --END-- [ RunTime:0.001484s ]
INFO: [ app_begin ] --START--
INFO: Run Behavior\ReadHtmlCacheBehavior [ RunTime:0.001707s ]
INFO: [ app_begin ] --END-- [ RunTime:0.002169s ]
NOTIC: [8192] mysql_connect(): The mysql extension is deprecated and will be removed in the future: use mysqli or PDO instead D:\wamp64\www\mycc\ThinkPHP\Library\Think\Db\Driver\Mysql.class.php 第 52 行.
SQL: SHOW COLUMNS FROM `jxshop_type` [ RunTime:0.002653s ]
SQL: SELECT COUNT(*) AS tp_count FROM jxshop_type a LIMIT 1   [ RunTime:0.001132s ]
SQL: SELECT * FROM jxshop_type a GROUP BY a.id LIMIT 0,20   [ RunTime:0.000756s ]
INFO: [ view_parse ] --START--
INFO: [ template_filter ] --START--
INFO: Run Behavior\ContentReplaceBehavior [ RunTime:0.000352s ]
INFO: [ template_filter ] --END-- [ RunTime:0.000986s ]
NOTIC: [8] Undefined variable: _page_tile D:\wamp64\www\mycc\Application\Runtime\Cache\Admin\9e1e5841af12860e6ba08b9e55eb68af.php 第 4 行.
NOTIC: [8] Undefined variable: _page_tile D:\wamp64\www\mycc\Application\Runtime\Cache\Admin\9e1e5841af12860e6ba08b9e55eb68af.php 第 13 行.
INFO: Run Behavior\ParseTemplateBehavior [ RunTime:0.027331s ]
INFO: [ view_parse ] --END-- [ RunTime:0.027968s ]
INFO: [ view_filter ] --START--
INFO: Run Behavior\WriteHtmlCacheBehavior [ RunTime:0.001134s ]
INFO: [ view_filter ] --END-- [ RunTime:0.001507s ]
INFO: [ app_end ] --START--
INFO: Run Behavior\ShowPageTraceBehavior [ RunTime:0.002459s ]
INFO: [ app_end ] --END-- [ RunTime:0.003111s ]

[ 2017-07-19T19:28:24+08:00 ] 127.0.0.1 /index.php/admin/attribute/lst/type_id/1.html
INFO: [ app_init ] --START--
INFO: Run Behavior\BuildLiteBehavior [ RunTime:0.000075s ]
INFO: [ app_init ] --END-- [ RunTime:0.001844s ]
INFO: [ app_begin ] --START--
INFO: Run Behavior\ReadHtmlCacheBehavior [ RunTime:0.001411s ]
INFO: [ app_begin ] --END-- [ RunTime:0.001836s ]
NOTIC: [8192] mysql_connect(): The mysql extension is deprecated and will be removed in the future: use mysqli or PDO instead D:\wamp64\www\mycc\ThinkPHP\Library\Think\Db\Driver\Mysql.class.php 第 52 行.
SQL: SHOW COLUMNS FROM `jxshop_attribute` [ RunTime:0.004251s ]
SQL: SELECT COUNT(*) AS tp_count FROM jxshop_attribute a WHERE ( `type_id` = '1' ) LIMIT 1   [ RunTime:0.001152s ]
SQL: SELECT * FROM jxshop_attribute a WHERE ( `type_id` = '1' ) GROUP BY a.id LIMIT 0,20   [ RunTime:0.001068s ]
SQL: SHOW COLUMNS FROM `jxshop_type` [ RunTime:0.002264s ]
SQL: SELECT * FROM `jxshop_type`  [ RunTime:0.000784s ]
SQL: SELECT `type_name` FROM `jxshop_type` WHERE ( `id` = '1' ) LIMIT 1   [ RunTime:0.000802s ]
INFO: [ view_parse ] --START--
INFO: [ template_filter ] --START--
INFO: Run Behavior\ContentReplaceBehavior [ RunTime:0.000278s ]
INFO: [ template_filter ] --END-- [ RunTime:0.000768s ]
NOTIC: [8] Undefined variable: _page_tile D:\wamp64\www\mycc\Application\Runtime\Cache\Admin\d12b6d6cfaa93439758dd8f98ee55ea0.php 第 4 行.
NOTIC: [8] Undefined variable: _page_tile D:\wamp64\www\mycc\Application\Runtime\Cache\Admin\d12b6d6cfaa93439758dd8f98ee55ea0.php 第 13 行.
INFO: Run Behavior\ParseTemplateBehavior [ RunTime:0.026027s ]
INFO: [ view_parse ] --END-- [ RunTime:0.026513s ]
INFO: [ view_filter ] --START--
INFO: Run Behavior\WriteHtmlCacheBehavior [ RunTime:0.001029s ]
INFO: [ view_filter ] --END-- [ RunTime:0.001457s ]
INFO: [ app_end ] --START--
INFO: Run Behavior\ShowPageTraceBehavior [ RunTime:0.003909s ]
INFO: [ app_end ] --END-- [ RunTime:0.004580s ]

[ 2017-07-19T19:28:29+08:00 ] 127.0.0.1 /index.php/admin/goods/lst.html
INFO: [ app_init ] --START--
INFO: Run Behavior\BuildLiteBehavior [ RunTime:0.000072s ]
INFO: [ app_init ] --END-- [ RunTime:0.001328s ]
INFO: [ app_begin ] --START--
INFO: Run Behavior\ReadHtmlCacheBehavior [ RunTime:0.002527s ]
INFO: [ app_begin ] --END-- [ RunTime:0.002997s ]
NOTIC: [8192] mysql_connect(): The mysql extension is deprecated and will be removed in the future: use mysqli or PDO instead D:\wamp64\www\mycc\ThinkPHP\Library\Think\Db\Driver\Mysql.class.php 第 52 行.
SQL: SHOW COLUMNS FROM `jxshop_admin` [ RunTime:0.002286s ]
SQL: SHOW COLUMNS FROM `jxshop_goods` [ RunTime:0.002458s ]
SQL: SELECT COUNT(*) AS tp_count FROM `jxshop_goods` LIMIT 1   [ RunTime:0.000629s ]
SQL: SELECT * FROM `jxshop_goods` ORDER BY addtime desc LIMIT 0,2   [ RunTime:0.000838s ]
SQL: SHOW COLUMNS FROM `jxshop_category` [ RunTime:0.002255s ]
SQL: SELECT * FROM `jxshop_category`  [ RunTime:0.000849s ]
INFO: [ view_parse ] --START--
INFO: [ template_filter ] --START--
INFO: Run Behavior\ContentReplaceBehavior [ RunTime:0.000279s ]
INFO: [ template_filter ] --END-- [ RunTime:0.000791s ]
INFO: Run Behavior\ParseTemplateBehavior [ RunTime:0.034170s ]
INFO: [ view_parse ] --END-- [ RunTime:0.034657s ]
INFO: [ view_filter ] --START--
INFO: Run Behavior\WriteHtmlCacheBehavior [ RunTime:0.001324s ]
INFO: [ view_filter ] --END-- [ RunTime:0.001796s ]
INFO: [ app_end ] --START--
INFO: Run Behavior\ShowPageTraceBehavior [ RunTime:0.001701s ]
INFO: [ app_end ] --END-- [ RunTime:0.002159s ]

[ 2017-07-19T19:28:30+08:00 ] 127.0.0.1 /index.php/admin/type/lst.html
INFO: [ app_init ] --START--
INFO: Run Behavior\BuildLiteBehavior [ RunTime:0.000045s ]
INFO: [ app_init ] --END-- [ RunTime:0.000830s ]
INFO: [ app_begin ] --START--
INFO: Run Behavior\ReadHtmlCacheBehavior [ RunTime:0.001258s ]
INFO: [ app_begin ] --END-- [ RunTime:0.001659s ]
NOTIC: [8192] mysql_connect(): The mysql extension is deprecated and will be removed in the future: use mysqli or PDO instead D:\wamp64\www\mycc\ThinkPHP\Library\Think\Db\Driver\Mysql.class.php 第 52 行.
SQL: SHOW COLUMNS FROM `jxshop_type` [ RunTime:0.002586s ]
SQL: SELECT COUNT(*) AS tp_count FROM jxshop_type a LIMIT 1   [ RunTime:0.001141s ]
SQL: SELECT * FROM jxshop_type a GROUP BY a.id LIMIT 0,20   [ RunTime:0.000768s ]
INFO: [ view_parse ] --START--
INFO: [ template_filter ] --START--
INFO: Run Behavior\ContentReplaceBehavior [ RunTime:0.000234s ]
INFO: [ template_filter ] --END-- [ RunTime:0.000669s ]
NOTIC: [8] Undefined variable: _page_tile D:\wamp64\www\mycc\Application\Runtime\Cache\Admin\9e1e5841af12860e6ba08b9e55eb68af.php 第 4 行.
NOTIC: [8] Undefined variable: _page_tile D:\wamp64\www\mycc\Application\Runtime\Cache\Admin\9e1e5841af12860e6ba08b9e55eb68af.php 第 13 行.
INFO: Run Behavior\ParseTemplateBehavior [ RunTime:0.023449s ]
INFO: [ view_parse ] --END-- [ RunTime:0.023992s ]
INFO: [ view_filter ] --START--
INFO: Run Behavior\WriteHtmlCacheBehavior [ RunTime:0.001066s ]
INFO: [ view_filter ] --END-- [ RunTime:0.001456s ]
INFO: [ app_end ] --START--
INFO: Run Behavior\ShowPageTraceBehavior [ RunTime:0.002206s ]
INFO: [ app_end ] --END-- [ RunTime:0.002964s ]

[ 2017-07-19T19:28:34+08:00 ] 127.0.0.1 /index.php/admin/attribute/lst/type_id/2.html
INFO: [ app_init ] --START--
INFO: Run Behavior\BuildLiteBehavior [ RunTime:0.000083s ]
INFO: [ app_init ] --END-- [ RunTime:0.004148s ]
INFO: [ app_begin ] --START--
INFO: Run Behavior\ReadHtmlCacheBehavior [ RunTime:0.002393s ]
INFO: [ app_begin ] --END-- [ RunTime:0.002813s ]
NOTIC: [8192] mysql_connect(): The mysql extension is deprecated and will be removed in the future: use mysqli or PDO instead D:\wamp64\www\mycc\ThinkPHP\Library\Think\Db\Driver\Mysql.class.php 第 52 行.
SQL: SHOW COLUMNS FROM `jxshop_attribute` [ RunTime:0.002299s ]
SQL: SELECT COUNT(*) AS tp_count FROM jxshop_attribute a WHERE ( `type_id` = '2' ) LIMIT 1   [ RunTime:0.001213s ]
SQL: SELECT * FROM jxshop_attribute a WHERE ( `type_id` = '2' ) GROUP BY a.id LIMIT 0,20   [ RunTime:0.001019s ]
SQL: SHOW COLUMNS FROM `jxshop_type` [ RunTime:0.002133s ]
SQL: SELECT * FROM `jxshop_type`  [ RunTime:0.000759s ]
SQL: SELECT `type_name` FROM `jxshop_type` WHERE ( `id` = '2' ) LIMIT 1   [ RunTime:0.000923s ]
INFO: [ view_parse ] --START--
INFO: [ template_filter ] --START--
INFO: Run Behavior\ContentReplaceBehavior [ RunTime:0.000250s ]
INFO: [ template_filter ] --END-- [ RunTime:0.000672s ]
NOTIC: [8] Undefined variable: _page_tile D:\wamp64\www\mycc\Application\Runtime\Cache\Admin\d12b6d6cfaa93439758dd8f98ee55ea0.php 第 4 行.
NOTIC: [8] Undefined variable: _page_tile D:\wamp64\www\mycc\Application\Runtime\Cache\Admin\d12b6d6cfaa93439758dd8f98ee55ea0.php 第 13 行.
INFO: Run Behavior\ParseTemplateBehavior [ RunTime:0.030486s ]
INFO: [ view_parse ] --END-- [ RunTime:0.030925s ]
INFO: [ view_filter ] --START--
INFO: Run Behavior\WriteHtmlCacheBehavior [ RunTime:0.000975s ]
INFO: [ view_filter ] --END-- [ RunTime:0.001375s ]
INFO: [ app_end ] --START--
INFO: Run Behavior\ShowPageTraceBehavior [ RunTime:0.001486s ]
INFO: [ app_end ] --END-- [ RunTime:0.001920s ]

[ 2017-07-19T19:28:41+08:00 ] 127.0.0.1 /index.php/admin/type/lst.html
INFO: [ app_init ] --START--
INFO: Run Behavior\BuildLiteBehavior [ RunTime:0.000078s ]
INFO: [ app_init ] --END-- [ RunTime:0.004296s ]
INFO: [ app_begin ] --START--
INFO: Run Behavior\ReadHtmlCacheBehavior [ RunTime:0.001521s ]
INFO: [ app_begin ] --END-- [ RunTime:0.001964s ]
NOTIC: [8192] mysql_connect(): The mysql extension is deprecated and will be removed in the future: use mysqli or PDO instead D:\wamp64\www\mycc\ThinkPHP\Library\Think\Db\Driver\Mysql.class.php 第 52 行.
SQL: SHOW COLUMNS FROM `jxshop_type` [ RunTime:0.002499s ]
SQL: SELECT COUNT(*) AS tp_count FROM jxshop_type a LIMIT 1   [ RunTime:0.000575s ]
SQL: SELECT * FROM jxshop_type a GROUP BY a.id LIMIT 0,20   [ RunTime:0.000585s ]
INFO: [ view_parse ] --START--
INFO: [ template_filter ] --START--
INFO: Run Behavior\ContentReplaceBehavior [ RunTime:0.000127s ]
INFO: [ template_filter ] --END-- [ RunTime:0.000336s ]
NOTIC: [8] Undefined variable: _page_tile D:\wamp64\www\mycc\Application\Runtime\Cache\Admin\9e1e5841af12860e6ba08b9e55eb68af.php 第 4 行.
NOTIC: [8] Undefined variable: _page_tile D:\wamp64\www\mycc\Application\Runtime\Cache\Admin\9e1e5841af12860e6ba08b9e55eb68af.php 第 13 行.
INFO: Run Behavior\ParseTemplateBehavior [ RunTime:0.018179s ]
INFO: [ view_parse ] --END-- [ RunTime:0.018428s ]
INFO: [ view_filter ] --START--
INFO: Run Behavior\WriteHtmlCacheBehavior [ RunTime:0.000860s ]
INFO: [ view_filter ] --END-- [ RunTime:0.001196s ]
INFO: [ app_end ] --START--
INFO: Run Behavior\ShowPageTraceBehavior [ RunTime:0.001482s ]
INFO: [ app_end ] --END-- [ RunTime:0.001863s ]

[ 2017-07-19T19:33:43+08:00 ] 127.0.0.1 /index.php/admin/goods/lst.html
INFO: [ app_init ] --START--
INFO: Run Behavior\BuildLiteBehavior [ RunTime:0.000048s ]
INFO: [ app_init ] --END-- [ RunTime:0.001148s ]
INFO: [ app_begin ] --START--
INFO: Run Behavior\ReadHtmlCacheBehavior [ RunTime:0.006598s ]
INFO: [ app_begin ] --END-- [ RunTime:0.007135s ]
NOTIC: [8192] mysql_connect(): The mysql extension is deprecated and will be removed in the future: use mysqli or PDO instead D:\wamp64\www\mycc\ThinkPHP\Library\Think\Db\Driver\Mysql.class.php 第 52 行.
SQL: SHOW COLUMNS FROM `jxshop_admin` [ RunTime:0.001670s ]
SQL: SHOW COLUMNS FROM `jxshop_goods` [ RunTime:0.003644s ]
SQL: SELECT COUNT(*) AS tp_count FROM `jxshop_goods` LIMIT 1   [ RunTime:0.000652s ]
SQL: SELECT * FROM `jxshop_goods` ORDER BY addtime desc LIMIT 0,2   [ RunTime:0.000932s ]
SQL: SHOW COLUMNS FROM `jxshop_category` [ RunTime:0.002398s ]
SQL: SELECT * FROM `jxshop_category`  [ RunTime:0.000811s ]
INFO: [ view_parse ] --START--
INFO: [ template_filter ] --START--
INFO: Run Behavior\ContentReplaceBehavior [ RunTime:0.000284s ]
INFO: [ template_filter ] --END-- [ RunTime:0.001139s ]
INFO: Run Behavior\ParseTemplateBehavior [ RunTime:0.080047s ]
INFO: [ view_parse ] --END-- [ RunTime:0.080661s ]
INFO: [ view_filter ] --START--
INFO: Run Behavior\WriteHtmlCacheBehavior [ RunTime:0.014537s ]
INFO: [ view_filter ] --END-- [ RunTime:0.023695s ]
INFO: [ app_end ] --START--
INFO: Run Behavior\ShowPageTraceBehavior [ RunTime:0.022798s ]
INFO: [ app_end ] --END-- [ RunTime:0.024700s ]

[ 2017-07-19T19:33:45+08:00 ] 127.0.0.1 /index.php/Admin/Goods/edit/id/43.html
INFO: [ app_init ] --START--
INFO: Run Behavior\BuildLiteBehavior [ RunTime:0.000089s ]
INFO: [ app_init ] --END-- [ RunTime:0.002265s ]
INFO: [ app_begin ] --START--
INFO: Run Behavior\ReadHtmlCacheBehavior [ RunTime:0.001437s ]
INFO: [ app_begin ] --END-- [ RunTime:0.002919s ]
NOTIC: [8192] mysql_connect(): The mysql extension is deprecated and will be removed in the future: use mysqli or PDO instead D:\wamp64\www\mycc\ThinkPHP\Library\Think\Db\Driver\Mysql.class.php 第 52 行.
SQL: SHOW COLUMNS FROM `jxshop_admin` [ RunTime:0.001269s ]
SQL: SHOW COLUMNS FROM `jxshop_goods` [ RunTime:0.003155s ]
SQL: SELECT * FROM `jxshop_goods` WHERE ( `id` = 43 ) LIMIT 1   [ RunTime:0.002532s ]
SQL: SHOW COLUMNS FROM `jxshop_type` [ RunTime:0.002835s ]
SQL: SELECT * FROM `jxshop_type`  [ RunTime:0.000781s ]
SQL: SHOW COLUMNS FROM `jxshop_goods_cat` [ RunTime:0.002357s ]
SQL: SELECT * FROM `jxshop_goods_cat` WHERE ( `goods_id` = '43' )  [ RunTime:0.001259s ]
SQL: SHOW COLUMNS FROM `jxshop_category` [ RunTime:0.002929s ]
SQL: SELECT * FROM `jxshop_category`  [ RunTime:0.000830s ]
INFO: [ view_parse ] --START--
INFO: [ template_filter ] --START--
INFO: Run Behavior\ContentReplaceBehavior [ RunTime:0.000362s ]
INFO: [ template_filter ] --END-- [ RunTime:0.000944s ]
INFO: Run Behavior\ParseTemplateBehavior [ RunTime:0.034046s ]
INFO: [ view_parse ] --END-- [ RunTime:0.034682s ]
INFO: [ view_filter ] --START--
INFO: Run Behavior\WriteHtmlCacheBehavior [ RunTime:0.002295s ]
INFO: [ view_filter ] --END-- [ RunTime:0.002899s ]
INFO: [ app_end ] --START--
INFO: Run Behavior\ShowPageTraceBehavior [ RunTime:0.001966s ]
INFO: [ app_end ] --END-- [ RunTime:0.003298s ]

[ 2017-07-19T19:35:28+08:00 ] 127.0.0.1 /index.php/Admin/Goods/edit/id/43.html
INFO: [ app_init ] --START--
INFO: Run Behavior\BuildLiteBehavior [ RunTime:0.000085s ]
INFO: [ app_init ] --END-- [ RunTime:0.001864s ]
INFO: [ app_begin ] --START--
INFO: Run Behavior\ReadHtmlCacheBehavior [ RunTime:0.001427s ]
INFO: [ app_begin ] --END-- [ RunTime:0.001679s ]
NOTIC: [8192] mysql_connect(): The mysql extension is deprecated and will be removed in the future: use mysqli or PDO instead D:\wamp64\www\mycc\ThinkPHP\Library\Think\Db\Driver\Mysql.class.php 第 52 行.
SQL: SHOW COLUMNS FROM `jxshop_admin` [ RunTime:0.002814s ]
SQL: SHOW COLUMNS FROM `jxshop_goods` [ RunTime:0.001991s ]
SQL: SELECT * FROM `jxshop_goods` WHERE ( `id` = 43 ) LIMIT 1   [ RunTime:0.001472s ]
SQL: SHOW COLUMNS FROM `jxshop_type` [ RunTime:0.003145s ]
SQL: SELECT * FROM `jxshop_type`  [ RunTime:0.000745s ]
SQL: SHOW COLUMNS FROM `jxshop_goods_cat` [ RunTime:0.002447s ]
SQL: SELECT * FROM `jxshop_goods_cat` WHERE ( `goods_id` = '43' )  [ RunTime:0.001259s ]
SQL: SHOW COLUMNS FROM `jxshop_category` [ RunTime:0.001763s ]
SQL: SELECT * FROM `jxshop_category`  [ RunTime:0.000631s ]
INFO: [ view_parse ] --START--
INFO: [ template_filter ] --START--
INFO: Run Behavior\ContentReplaceBehavior [ RunTime:0.000356s ]
INFO: [ template_filter ] --END-- [ RunTime:0.000766s ]
INFO: Run Behavior\ParseTemplateBehavior [ RunTime:0.033541s ]
INFO: [ view_parse ] --END-- [ RunTime:0.033921s ]
INFO: [ view_filter ] --START--
INFO: Run Behavior\WriteHtmlCacheBehavior [ RunTime:0.001170s ]
INFO: [ view_filter ] --END-- [ RunTime:0.001392s ]
INFO: [ app_end ] --START--
INFO: Run Behavior\ShowPageTraceBehavior [ RunTime:0.001404s ]
INFO: [ app_end ] --END-- [ RunTime:0.001726s ]

